<?xml version="1.0" encoding="UTF-8"?>
<testsuite xmlns:xsi="http://www.w3.org/2001/XMLSchema-instance" xsi:noNamespaceSchemaLocation="https://maven.apache.org/surefire/maven-surefire-plugin/xsd/surefire-test-report.xsd" name="com.example.jenkinstest.JenkinsTestApplicationTests" time="4.768" tests="1" errors="0" skipped="0" failures="0">
  <properties>
    <property name="gopherProxySet" value="false"/>
    <property name="awt.toolkit" value="sun.lwawt.macosx.LWCToolkit"/>
    <property name="socksProxyHost" value="127.0.0.1"/>
    <property name="http.proxyHost" value="127.0.0.1"/>
    <property name="java.specification.version" value="1.8"/>
    <property name="file.encoding.pkg" value="sun.io"/>
    <property name="sun.cpu.isalist" value=""/>
    <property name="sun.jnu.encoding" value="UTF-8"/>
    <property name="java.class.path" value="/Users/cathy_yang/Documents/workshop/test/JenkinsTest/target/test-classes:/Users/cathy_yang/Documents/workshop/test/JenkinsTest/target/classes:/Users/cathy_yang/Documents/workshop/maven-repository/org/springframework/boot/spring-boot-starter-web/2.5.5/spring-boot-starter-web-2.5.5.jar:/Users/cathy_yang/Documents/workshop/maven-repository/org/springframework/boot/spring-boot-starter/2.5.5/spring-boot-starter-2.5.5.jar:/Users/cathy_yang/Documents/workshop/maven-repository/org/springframework/boot/spring-boot/2.5.5/spring-boot-2.5.5.jar:/Users/cathy_yang/Documents/workshop/maven-repository/org/springframework/boot/spring-boot-autoconfigure/2.5.5/spring-boot-autoconfigure-2.5.5.jar:/Users/cathy_yang/Documents/workshop/maven-repository/org/springframework/boot/spring-boot-starter-logging/2.5.5/spring-boot-starter-logging-2.5.5.jar:/Users/cathy_yang/Documents/workshop/maven-repository/ch/qos/logback/logback-classic/1.2.6/logback-classic-1.2.6.jar:/Users/cathy_yang/Documents/workshop/maven-repository/ch/qos/logback/logback-core/1.2.6/logback-core-1.2.6.jar:/Users/cathy_yang/Documents/workshop/maven-repository/org/apache/logging/log4j/log4j-to-slf4j/2.14.1/log4j-to-slf4j-2.14.1.jar:/Users/cathy_yang/Documents/workshop/maven-repository/org/apache/logging/log4j/log4j-api/2.14.1/log4j-api-2.14.1.jar:/Users/cathy_yang/Documents/workshop/maven-repository/org/slf4j/jul-to-slf4j/1.7.32/jul-to-slf4j-1.7.32.jar:/Users/cathy_yang/Documents/workshop/maven-repository/jakarta/annotation/jakarta.annotation-api/1.3.5/jakarta.annotation-api-1.3.5.jar:/Users/cathy_yang/Documents/workshop/maven-repository/org/yaml/snakeyaml/1.28/snakeyaml-1.28.jar:/Users/cathy_yang/Documents/workshop/maven-repository/org/springframework/boot/spring-boot-starter-json/2.5.5/spring-boot-starter-json-2.5.5.jar:/Users/cathy_yang/Documents/workshop/maven-repository/com/fasterxml/jackson/core/jackson-databind/2.12.5/jackson-databind-2.12.5.jar:/Users/cathy_yang/Documents/workshop/maven-repository/com/fasterxml/jackson/core/jackson-annotations/2.12.5/jackson-annotations-2.12.5.jar:/Users/cathy_yang/Documents/workshop/maven-repository/com/fasterxml/jackson/core/jackson-core/2.12.5/jackson-core-2.12.5.jar:/Users/cathy_yang/Documents/workshop/maven-repository/com/fasterxml/jackson/datatype/jackson-datatype-jdk8/2.12.5/jackson-datatype-jdk8-2.12.5.jar:/Users/cathy_yang/Documents/workshop/maven-repository/com/fasterxml/jackson/datatype/jackson-datatype-jsr310/2.12.5/jackson-datatype-jsr310-2.12.5.jar:/Users/cathy_yang/Documents/workshop/maven-repository/com/fasterxml/jackson/module/jackson-module-parameter-names/2.12.5/jackson-module-parameter-names-2.12.5.jar:/Users/cathy_yang/Documents/workshop/maven-repository/org/springframework/boot/spring-boot-starter-tomcat/2.5.5/spring-boot-starter-tomcat-2.5.5.jar:/Users/cathy_yang/Documents/workshop/maven-repository/org/apache/tomcat/embed/tomcat-embed-core/9.0.53/tomcat-embed-core-9.0.53.jar:/Users/cathy_yang/Documents/workshop/maven-repository/org/apache/tomcat/embed/tomcat-embed-el/9.0.53/tomcat-embed-el-9.0.53.jar:/Users/cathy_yang/Documents/workshop/maven-repository/org/apache/tomcat/embed/tomcat-embed-websocket/9.0.53/tomcat-embed-websocket-9.0.53.jar:/Users/cathy_yang/Documents/workshop/maven-repository/org/springframework/spring-web/5.3.10/spring-web-5.3.10.jar:/Users/cathy_yang/Documents/workshop/maven-repository/org/springframework/spring-beans/5.3.10/spring-beans-5.3.10.jar:/Users/cathy_yang/Documents/workshop/maven-repository/org/springframework/spring-webmvc/5.3.10/spring-webmvc-5.3.10.jar:/Users/cathy_yang/Documents/workshop/maven-repository/org/springframework/spring-aop/5.3.10/spring-aop-5.3.10.jar:/Users/cathy_yang/Documents/workshop/maven-repository/org/springframework/spring-context/5.3.10/spring-context-5.3.10.jar:/Users/cathy_yang/Documents/workshop/maven-repository/org/springframework/spring-expression/5.3.10/spring-expression-5.3.10.jar:/Users/cathy_yang/Documents/workshop/maven-repository/org/springframework/boot/spring-boot-starter-actuator/2.5.5/spring-boot-starter-actuator-2.5.5.jar:/Users/cathy_yang/Documents/workshop/maven-repository/org/springframework/boot/spring-boot-actuator-autoconfigure/2.5.5/spring-boot-actuator-autoconfigure-2.5.5.jar:/Users/cathy_yang/Documents/workshop/maven-repository/org/springframework/boot/spring-boot-actuator/2.5.5/spring-boot-actuator-2.5.5.jar:/Users/cathy_yang/Documents/workshop/maven-repository/io/micrometer/micrometer-core/1.7.4/micrometer-core-1.7.4.jar:/Users/cathy_yang/Documents/workshop/maven-repository/org/hdrhistogram/HdrHistogram/2.1.12/HdrHistogram-2.1.12.jar:/Users/cathy_yang/Documents/workshop/maven-repository/org/latencyutils/LatencyUtils/2.0.3/LatencyUtils-2.0.3.jar:/Users/cathy_yang/Documents/workshop/maven-repository/org/projectlombok/lombok/1.18.20/lombok-1.18.20.jar:/Users/cathy_yang/Documents/workshop/maven-repository/org/springframework/boot/spring-boot-starter-test/2.5.5/spring-boot-starter-test-2.5.5.jar:/Users/cathy_yang/Documents/workshop/maven-repository/org/springframework/boot/spring-boot-test/2.5.5/spring-boot-test-2.5.5.jar:/Users/cathy_yang/Documents/workshop/maven-repository/org/springframework/boot/spring-boot-test-autoconfigure/2.5.5/spring-boot-test-autoconfigure-2.5.5.jar:/Users/cathy_yang/Documents/workshop/maven-repository/com/jayway/jsonpath/json-path/2.5.0/json-path-2.5.0.jar:/Users/cathy_yang/Documents/workshop/maven-repository/net/minidev/json-smart/2.4.7/json-smart-2.4.7.jar:/Users/cathy_yang/Documents/workshop/maven-repository/net/minidev/accessors-smart/2.4.7/accessors-smart-2.4.7.jar:/Users/cathy_yang/Documents/workshop/maven-repository/org/ow2/asm/asm/9.1/asm-9.1.jar:/Users/cathy_yang/Documents/workshop/maven-repository/org/slf4j/slf4j-api/1.7.32/slf4j-api-1.7.32.jar:/Users/cathy_yang/Documents/workshop/maven-repository/jakarta/xml/bind/jakarta.xml.bind-api/2.3.3/jakarta.xml.bind-api-2.3.3.jar:/Users/cathy_yang/Documents/workshop/maven-repository/jakarta/activation/jakarta.activation-api/1.2.2/jakarta.activation-api-1.2.2.jar:/Users/cathy_yang/Documents/workshop/maven-repository/org/assertj/assertj-core/3.19.0/assertj-core-3.19.0.jar:/Users/cathy_yang/Documents/workshop/maven-repository/org/hamcrest/hamcrest/2.2/hamcrest-2.2.jar:/Users/cathy_yang/Documents/workshop/maven-repository/org/junit/jupiter/junit-jupiter/5.7.2/junit-jupiter-5.7.2.jar:/Users/cathy_yang/Documents/workshop/maven-repository/org/junit/jupiter/junit-jupiter-api/5.7.2/junit-jupiter-api-5.7.2.jar:/Users/cathy_yang/Documents/workshop/maven-repository/org/apiguardian/apiguardian-api/1.1.0/apiguardian-api-1.1.0.jar:/Users/cathy_yang/Documents/workshop/maven-repository/org/opentest4j/opentest4j/1.2.0/opentest4j-1.2.0.jar:/Users/cathy_yang/Documents/workshop/maven-repository/org/junit/platform/junit-platform-commons/1.7.2/junit-platform-commons-1.7.2.jar:/Users/cathy_yang/Documents/workshop/maven-repository/org/junit/jupiter/junit-jupiter-params/5.7.2/junit-jupiter-params-5.7.2.jar:/Users/cathy_yang/Documents/workshop/maven-repository/org/junit/jupiter/junit-jupiter-engine/5.7.2/junit-jupiter-engine-5.7.2.jar:/Users/cathy_yang/Documents/workshop/maven-repository/org/junit/platform/junit-platform-engine/1.7.2/junit-platform-engine-1.7.2.jar:/Users/cathy_yang/Documents/workshop/maven-repository/org/mockito/mockito-core/3.9.0/mockito-core-3.9.0.jar:/Users/cathy_yang/Documents/workshop/maven-repository/net/bytebuddy/byte-buddy/1.10.22/byte-buddy-1.10.22.jar:/Users/cathy_yang/Documents/workshop/maven-repository/net/bytebuddy/byte-buddy-agent/1.10.22/byte-buddy-agent-1.10.22.jar:/Users/cathy_yang/Documents/workshop/maven-repository/org/objenesis/objenesis/3.2/objenesis-3.2.jar:/Users/cathy_yang/Documents/workshop/maven-repository/org/mockito/mockito-junit-jupiter/3.9.0/mockito-junit-jupiter-3.9.0.jar:/Users/cathy_yang/Documents/workshop/maven-repository/org/skyscreamer/jsonassert/1.5.0/jsonassert-1.5.0.jar:/Users/cathy_yang/Documents/workshop/maven-repository/com/vaadin/external/google/android-json/0.0.20131108.vaadin1/android-json-0.0.20131108.vaadin1.jar:/Users/cathy_yang/Documents/workshop/maven-repository/org/springframework/spring-core/5.3.10/spring-core-5.3.10.jar:/Users/cathy_yang/Documents/workshop/maven-repository/org/springframework/spring-jcl/5.3.10/spring-jcl-5.3.10.jar:/Users/cathy_yang/Documents/workshop/maven-repository/org/springframework/spring-test/5.3.10/spring-test-5.3.10.jar:/Users/cathy_yang/Documents/workshop/maven-repository/org/xmlunit/xmlunit-core/2.8.2/xmlunit-core-2.8.2.jar:"/>
    <property name="https.proxyPort" value="7890"/>
    <property name="java.vm.vendor" value="Oracle Corporation"/>
    <property name="sun.arch.data.model" value="64"/>
    <property name="java.vendor.url" value="http://java.oracle.com/"/>
    <property name="user.timezone" value=""/>
    <property name="java.vm.specification.version" value="1.8"/>
    <property name="os.name" value="Mac OS X"/>
    <property name="user.country" value="CN"/>
    <property name="sun.java.launcher" value="SUN_STANDARD"/>
    <property name="sun.boot.library.path" value="/Library/Java/JavaVirtualMachines/jdk1.8.0_301.jdk/Contents/Home/jre/lib"/>
    <property name="sun.java.command" value="/Users/cathy_yang/Documents/workshop/test/JenkinsTest/target/surefire/surefirebooter94645652733615310.jar /Users/cathy_yang/Documents/workshop/test/JenkinsTest/target/surefire 2021-09-30T21-06-49_484-jvmRun1 surefire6032257012880401734tmp surefire_05389765871912753332tmp"/>
    <property name="http.nonProxyHosts" value="192.168.0.0/16|*.192.168.0.0/16|10.0.0.0/8|*.10.0.0.0/8|172.16.0.0/12|*.172.16.0.0/12|127.0.0.1|localhost|*.localhost|local|*.local|crashlytics.com|*.crashlytics.com|www.sublimetext.com|*.www.sublimetext.com|sublimetext.com|*.sublimetext.com|license.sublimehq.com|*.license.sublimehq.com"/>
    <property name="surefire.test.class.path" value="/Users/cathy_yang/Documents/workshop/test/JenkinsTest/target/test-classes:/Users/cathy_yang/Documents/workshop/test/JenkinsTest/target/classes:/Users/cathy_yang/Documents/workshop/maven-repository/org/springframework/boot/spring-boot-starter-web/2.5.5/spring-boot-starter-web-2.5.5.jar:/Users/cathy_yang/Documents/workshop/maven-repository/org/springframework/boot/spring-boot-starter/2.5.5/spring-boot-starter-2.5.5.jar:/Users/cathy_yang/Documents/workshop/maven-repository/org/springframework/boot/spring-boot/2.5.5/spring-boot-2.5.5.jar:/Users/cathy_yang/Documents/workshop/maven-repository/org/springframework/boot/spring-boot-autoconfigure/2.5.5/spring-boot-autoconfigure-2.5.5.jar:/Users/cathy_yang/Documents/workshop/maven-repository/org/springframework/boot/spring-boot-starter-logging/2.5.5/spring-boot-starter-logging-2.5.5.jar:/Users/cathy_yang/Documents/workshop/maven-repository/ch/qos/logback/logback-classic/1.2.6/logback-classic-1.2.6.jar:/Users/cathy_yang/Documents/workshop/maven-repository/ch/qos/logback/logback-core/1.2.6/logback-core-1.2.6.jar:/Users/cathy_yang/Documents/workshop/maven-repository/org/apache/logging/log4j/log4j-to-slf4j/2.14.1/log4j-to-slf4j-2.14.1.jar:/Users/cathy_yang/Documents/workshop/maven-repository/org/apache/logging/log4j/log4j-api/2.14.1/log4j-api-2.14.1.jar:/Users/cathy_yang/Documents/workshop/maven-repository/org/slf4j/jul-to-slf4j/1.7.32/jul-to-slf4j-1.7.32.jar:/Users/cathy_yang/Documents/workshop/maven-repository/jakarta/annotation/jakarta.annotation-api/1.3.5/jakarta.annotation-api-1.3.5.jar:/Users/cathy_yang/Documents/workshop/maven-repository/org/yaml/snakeyaml/1.28/snakeyaml-1.28.jar:/Users/cathy_yang/Documents/workshop/maven-repository/org/springframework/boot/spring-boot-starter-json/2.5.5/spring-boot-starter-json-2.5.5.jar:/Users/cathy_yang/Documents/workshop/maven-repository/com/fasterxml/jackson/core/jackson-databind/2.12.5/jackson-databind-2.12.5.jar:/Users/cathy_yang/Documents/workshop/maven-repository/com/fasterxml/jackson/core/jackson-annotations/2.12.5/jackson-annotations-2.12.5.jar:/Users/cathy_yang/Documents/workshop/maven-repository/com/fasterxml/jackson/core/jackson-core/2.12.5/jackson-core-2.12.5.jar:/Users/cathy_yang/Documents/workshop/maven-repository/com/fasterxml/jackson/datatype/jackson-datatype-jdk8/2.12.5/jackson-datatype-jdk8-2.12.5.jar:/Users/cathy_yang/Documents/workshop/maven-repository/com/fasterxml/jackson/datatype/jackson-datatype-jsr310/2.12.5/jackson-datatype-jsr310-2.12.5.jar:/Users/cathy_yang/Documents/workshop/maven-repository/com/fasterxml/jackson/module/jackson-module-parameter-names/2.12.5/jackson-module-parameter-names-2.12.5.jar:/Users/cathy_yang/Documents/workshop/maven-repository/org/springframework/boot/spring-boot-starter-tomcat/2.5.5/spring-boot-starter-tomcat-2.5.5.jar:/Users/cathy_yang/Documents/workshop/maven-repository/org/apache/tomcat/embed/tomcat-embed-core/9.0.53/tomcat-embed-core-9.0.53.jar:/Users/cathy_yang/Documents/workshop/maven-repository/org/apache/tomcat/embed/tomcat-embed-el/9.0.53/tomcat-embed-el-9.0.53.jar:/Users/cathy_yang/Documents/workshop/maven-repository/org/apache/tomcat/embed/tomcat-embed-websocket/9.0.53/tomcat-embed-websocket-9.0.53.jar:/Users/cathy_yang/Documents/workshop/maven-repository/org/springframework/spring-web/5.3.10/spring-web-5.3.10.jar:/Users/cathy_yang/Documents/workshop/maven-repository/org/springframework/spring-beans/5.3.10/spring-beans-5.3.10.jar:/Users/cathy_yang/Documents/workshop/maven-repository/org/springframework/spring-webmvc/5.3.10/spring-webmvc-5.3.10.jar:/Users/cathy_yang/Documents/workshop/maven-repository/org/springframework/spring-aop/5.3.10/spring-aop-5.3.10.jar:/Users/cathy_yang/Documents/workshop/maven-repository/org/springframework/spring-context/5.3.10/spring-context-5.3.10.jar:/Users/cathy_yang/Documents/workshop/maven-repository/org/springframework/spring-expression/5.3.10/spring-expression-5.3.10.jar:/Users/cathy_yang/Documents/workshop/maven-repository/org/springframework/boot/spring-boot-starter-actuator/2.5.5/spring-boot-starter-actuator-2.5.5.jar:/Users/cathy_yang/Documents/workshop/maven-repository/org/springframework/boot/spring-boot-actuator-autoconfigure/2.5.5/spring-boot-actuator-autoconfigure-2.5.5.jar:/Users/cathy_yang/Documents/workshop/maven-repository/org/springframework/boot/spring-boot-actuator/2.5.5/spring-boot-actuator-2.5.5.jar:/Users/cathy_yang/Documents/workshop/maven-repository/io/micrometer/micrometer-core/1.7.4/micrometer-core-1.7.4.jar:/Users/cathy_yang/Documents/workshop/maven-repository/org/hdrhistogram/HdrHistogram/2.1.12/HdrHistogram-2.1.12.jar:/Users/cathy_yang/Documents/workshop/maven-repository/org/latencyutils/LatencyUtils/2.0.3/LatencyUtils-2.0.3.jar:/Users/cathy_yang/Documents/workshop/maven-repository/org/projectlombok/lombok/1.18.20/lombok-1.18.20.jar:/Users/cathy_yang/Documents/workshop/maven-repository/org/springframework/boot/spring-boot-starter-test/2.5.5/spring-boot-starter-test-2.5.5.jar:/Users/cathy_yang/Documents/workshop/maven-repository/org/springframework/boot/spring-boot-test/2.5.5/spring-boot-test-2.5.5.jar:/Users/cathy_yang/Documents/workshop/maven-repository/org/springframework/boot/spring-boot-test-autoconfigure/2.5.5/spring-boot-test-autoconfigure-2.5.5.jar:/Users/cathy_yang/Documents/workshop/maven-repository/com/jayway/jsonpath/json-path/2.5.0/json-path-2.5.0.jar:/Users/cathy_yang/Documents/workshop/maven-repository/net/minidev/json-smart/2.4.7/json-smart-2.4.7.jar:/Users/cathy_yang/Documents/workshop/maven-repository/net/minidev/accessors-smart/2.4.7/accessors-smart-2.4.7.jar:/Users/cathy_yang/Documents/workshop/maven-repository/org/ow2/asm/asm/9.1/asm-9.1.jar:/Users/cathy_yang/Documents/workshop/maven-repository/org/slf4j/slf4j-api/1.7.32/slf4j-api-1.7.32.jar:/Users/cathy_yang/Documents/workshop/maven-repository/jakarta/xml/bind/jakarta.xml.bind-api/2.3.3/jakarta.xml.bind-api-2.3.3.jar:/Users/cathy_yang/Documents/workshop/maven-repository/jakarta/activation/jakarta.activation-api/1.2.2/jakarta.activation-api-1.2.2.jar:/Users/cathy_yang/Documents/workshop/maven-repository/org/assertj/assertj-core/3.19.0/assertj-core-3.19.0.jar:/Users/cathy_yang/Documents/workshop/maven-repository/org/hamcrest/hamcrest/2.2/hamcrest-2.2.jar:/Users/cathy_yang/Documents/workshop/maven-repository/org/junit/jupiter/junit-jupiter/5.7.2/junit-jupiter-5.7.2.jar:/Users/cathy_yang/Documents/workshop/maven-repository/org/junit/jupiter/junit-jupiter-api/5.7.2/junit-jupiter-api-5.7.2.jar:/Users/cathy_yang/Documents/workshop/maven-repository/org/apiguardian/apiguardian-api/1.1.0/apiguardian-api-1.1.0.jar:/Users/cathy_yang/Documents/workshop/maven-repository/org/opentest4j/opentest4j/1.2.0/opentest4j-1.2.0.jar:/Users/cathy_yang/Documents/workshop/maven-repository/org/junit/platform/junit-platform-commons/1.7.2/junit-platform-commons-1.7.2.jar:/Users/cathy_yang/Documents/workshop/maven-repository/org/junit/jupiter/junit-jupiter-params/5.7.2/junit-jupiter-params-5.7.2.jar:/Users/cathy_yang/Documents/workshop/maven-repository/org/junit/jupiter/junit-jupiter-engine/5.7.2/junit-jupiter-engine-5.7.2.jar:/Users/cathy_yang/Documents/workshop/maven-repository/org/junit/platform/junit-platform-engine/1.7.2/junit-platform-engine-1.7.2.jar:/Users/cathy_yang/Documents/workshop/maven-repository/org/mockito/mockito-core/3.9.0/mockito-core-3.9.0.jar:/Users/cathy_yang/Documents/workshop/maven-repository/net/bytebuddy/byte-buddy/1.10.22/byte-buddy-1.10.22.jar:/Users/cathy_yang/Documents/workshop/maven-repository/net/bytebuddy/byte-buddy-agent/1.10.22/byte-buddy-agent-1.10.22.jar:/Users/cathy_yang/Documents/workshop/maven-repository/org/objenesis/objenesis/3.2/objenesis-3.2.jar:/Users/cathy_yang/Documents/workshop/maven-repository/org/mockito/mockito-junit-jupiter/3.9.0/mockito-junit-jupiter-3.9.0.jar:/Users/cathy_yang/Documents/workshop/maven-repository/org/skyscreamer/jsonassert/1.5.0/jsonassert-1.5.0.jar:/Users/cathy_yang/Documents/workshop/maven-repository/com/vaadin/external/google/android-json/0.0.20131108.vaadin1/android-json-0.0.20131108.vaadin1.jar:/Users/cathy_yang/Documents/workshop/maven-repository/org/springframework/spring-core/5.3.10/spring-core-5.3.10.jar:/Users/cathy_yang/Documents/workshop/maven-repository/org/springframework/spring-jcl/5.3.10/spring-jcl-5.3.10.jar:/Users/cathy_yang/Documents/workshop/maven-repository/org/springframework/spring-test/5.3.10/spring-test-5.3.10.jar:/Users/cathy_yang/Documents/workshop/maven-repository/org/xmlunit/xmlunit-core/2.8.2/xmlunit-core-2.8.2.jar:"/>
    <property name="sun.cpu.endian" value="little"/>
    <property name="user.home" value="/Users/cathy_yang"/>
    <property name="user.language" value="zh"/>
    <property name="java.specification.vendor" value="Oracle Corporation"/>
    <property name="java.home" value="/Library/Java/JavaVirtualMachines/jdk1.8.0_301.jdk/Contents/Home/jre"/>
    <property name="basedir" value="/Users/cathy_yang/Documents/workshop/test/JenkinsTest"/>
    <property name="https.proxyHost" value="127.0.0.1"/>
    <property name="file.separator" value="/"/>
    <property name="line.separator" value="&#10;"/>
    <property name="java.vm.specification.vendor" value="Oracle Corporation"/>
    <property name="java.specification.name" value="Java Platform API Specification"/>
    <property name="java.awt.graphicsenv" value="sun.awt.CGraphicsEnvironment"/>
    <property name="surefire.real.class.path" value="/Users/cathy_yang/Documents/workshop/test/JenkinsTest/target/surefire/surefirebooter94645652733615310.jar"/>
    <property name="sun.boot.class.path" value="/Library/Java/JavaVirtualMachines/jdk1.8.0_301.jdk/Contents/Home/jre/lib/resources.jar:/Library/Java/JavaVirtualMachines/jdk1.8.0_301.jdk/Contents/Home/jre/lib/rt.jar:/Library/Java/JavaVirtualMachines/jdk1.8.0_301.jdk/Contents/Home/jre/lib/sunrsasign.jar:/Library/Java/JavaVirtualMachines/jdk1.8.0_301.jdk/Contents/Home/jre/lib/jsse.jar:/Library/Java/JavaVirtualMachines/jdk1.8.0_301.jdk/Contents/Home/jre/lib/jce.jar:/Library/Java/JavaVirtualMachines/jdk1.8.0_301.jdk/Contents/Home/jre/lib/charsets.jar:/Library/Java/JavaVirtualMachines/jdk1.8.0_301.jdk/Contents/Home/jre/lib/jfr.jar:/Library/Java/JavaVirtualMachines/jdk1.8.0_301.jdk/Contents/Home/jre/classes"/>
    <property name="sun.management.compiler" value="HotSpot 64-Bit Tiered Compilers"/>
    <property name="ftp.nonProxyHosts" value="192.168.0.0/16|*.192.168.0.0/16|10.0.0.0/8|*.10.0.0.0/8|172.16.0.0/12|*.172.16.0.0/12|127.0.0.1|localhost|*.localhost|local|*.local|crashlytics.com|*.crashlytics.com|www.sublimetext.com|*.www.sublimetext.com|sublimetext.com|*.sublimetext.com|license.sublimehq.com|*.license.sublimehq.com"/>
    <property name="java.runtime.version" value="1.8.0_301-b09"/>
    <property name="user.name" value="cathy_yang"/>
    <property name="path.separator" value=":"/>
    <property name="os.version" value="10.16"/>
    <property name="java.endorsed.dirs" value="/Library/Java/JavaVirtualMachines/jdk1.8.0_301.jdk/Contents/Home/jre/lib/endorsed"/>
    <property name="java.runtime.name" value="Java(TM) SE Runtime Environment"/>
    <property name="file.encoding" value="UTF-8"/>
    <property name="java.vm.name" value="Java HotSpot(TM) 64-Bit Server VM"/>
    <property name="localRepository" value="/Users/cathy_yang/Documents/workshop/maven-repository"/>
    <property name="java.vendor.url.bug" value="http://bugreport.sun.com/bugreport/"/>
    <property name="java.io.tmpdir" value="/var/folders/1b/flw0s5y14gb9093k0t0804c40000gn/T/"/>
    <property name="idea.version" value="2021.2.2"/>
    <property name="java.version" value="1.8.0_301"/>
    <property name="user.dir" value="/Users/cathy_yang/Documents/workshop/test/JenkinsTest"/>
    <property name="os.arch" value="x86_64"/>
    <property name="socksProxyPort" value="7890"/>
    <property name="java.vm.specification.name" value="Java Virtual Machine Specification"/>
    <property name="java.awt.printerjob" value="sun.lwawt.macosx.CPrinterJob"/>
    <property name="sun.os.patch.level" value="unknown"/>
    <property name="java.library.path" value="/Users/cathy_yang/Library/Java/Extensions:/Library/Java/Extensions:/Network/Library/Java/Extensions:/System/Library/Java/Extensions:/usr/lib/java:."/>
    <property name="java.vm.info" value="mixed mode"/>
    <property name="java.vendor" value="Oracle Corporation"/>
    <property name="java.vm.version" value="25.301-b09"/>
    <property name="java.ext.dirs" value="/Users/cathy_yang/Library/Java/Extensions:/Library/Java/JavaVirtualMachines/jdk1.8.0_301.jdk/Contents/Home/jre/lib/ext:/Library/Java/Extensions:/Network/Library/Java/Extensions:/System/Library/Java/Extensions:/usr/lib/java"/>
    <property name="sun.io.unicode.encoding" value="UnicodeBig"/>
    <property name="maven.repo.local" value="/Users/cathy_yang/Documents/workshop/maven-repository"/>
    <property name="java.class.version" value="52.0"/>
    <property name="socksNonProxyHosts" value="192.168.0.0/16|*.192.168.0.0/16|10.0.0.0/8|*.10.0.0.0/8|172.16.0.0/12|*.172.16.0.0/12|127.0.0.1|localhost|*.localhost|local|*.local|crashlytics.com|*.crashlytics.com|www.sublimetext.com|*.www.sublimetext.com|sublimetext.com|*.sublimetext.com|license.sublimehq.com|*.license.sublimehq.com"/>
    <property name="http.proxyPort" value="7890"/>
  </properties>
  <testcase name="contextLoads" classname="com.example.jenkinstest.JenkinsTestApplicationTests" time="0.21"/>
</testsuite>